\BOOKMARK [0][-]{section*.1}{\376\377\000\315\000n\000d\000i\000c\000e\000\040\000g\000e\000n\000e\000r\000a\000l}{}% 1
\BOOKMARK [0][-]{section*.2}{\376\377\000\315\000n\000d\000i\000c\000e\000\040\000d\000e\000\040\000f\000i\000g\000u\000r\000a\000s}{}% 2
\BOOKMARK [0][-]{section*.3}{\376\377\000\315\000n\000d\000i\000c\000e\000\040\000d\000e\000\040\000t\000a\000b\000l\000a\000s}{}% 3
\BOOKMARK [0][-]{chapter*.4}{\376\377\000I\000n\000t\000r\000o\000d\000u\000c\000c\000i\000\363\000n}{}% 4
\BOOKMARK [1][-]{section.1.1}{\376\377\000E\000s\000t\000r\000u\000c\000t\000u\000r\000a\000\040\000d\000e\000\040\000l\000a\000\040\000M\000e\000m\000o\000r\000i\000a}{chapter*.4}% 5
\BOOKMARK [1][-]{section.1.2}{\376\377\000A\000n\000e\000x\000o\000s}{chapter*.4}% 6
\BOOKMARK [1][-]{section.1.3}{\376\377\000C\000o\000n\000t\000e\000n\000i\000d\000o\000\040\000A\000d\000j\000u\000n\000t\000o}{chapter*.4}% 7
\BOOKMARK [0][-]{chapter*.17}{\376\377\000O\000b\000j\000e\000t\000i\000v\000o\000s\000\040\000d\000e\000l\000\040\000p\000r\000o\000y\000e\000c\000t\000o}{}% 8
\BOOKMARK [0][-]{chapter*.18}{\376\377\000C\000o\000n\000c\000e\000p\000t\000o\000s\000\040\000t\000e\000\363\000r\000i\000c\000o\000s}{}% 9
\BOOKMARK [1][-]{section.3.1}{\376\377\000S\000i\000s\000t\000e\000m\000a\000s\000\040\000E\000m\000b\000e\000b\000i\000d\000o\000s}{chapter*.18}% 10
\BOOKMARK [1][-]{section.3.2}{\376\377\000T\000e\000c\000n\000o\000l\000o\000g\000i\000a\000s\000\040\000d\000e\000\040\000C\000o\000n\000e\000x\000i\000o\000n\000\040\000p\000a\000r\000a\000\040\000S\000E}{chapter*.18}% 11
\BOOKMARK [1][-]{section.3.3}{\376\377\000C\000o\000n\000e\000x\000i\000o\000n\000\040\000S\000e\000r\000i\000a\000l\000,\000\040\000I\0002\000C}{chapter*.18}% 12
\BOOKMARK [1][-]{section.3.4}{\376\377\000R\000e\000f\000e\000r\000e\000n\000c\000i\000a\000s}{chapter*.18}% 13
\BOOKMARK [1][-]{section.3.5}{\376\377\000I\000m\000\341\000g\000e\000n\000e\000s}{chapter*.18}% 14
\BOOKMARK [1][-]{section.3.6}{\376\377\000L\000i\000s\000t\000a\000s\000\040\000d\000e\000\040\000i\000t\000e\000m\000s}{chapter*.18}% 15
\BOOKMARK [1][-]{section.3.7}{\376\377\000T\000a\000b\000l\000a\000s}{chapter*.18}% 16
\BOOKMARK [0][-]{chapter*.26}{\376\377\000T\000\351\000c\000n\000i\000c\000a\000s\000\040\000y\000\040\000h\000e\000r\000r\000a\000m\000i\000e\000n\000t\000a\000s}{}% 17
\BOOKMARK [1][-]{section.4.1}{\376\377\000M\000e\000t\000o\000d\000o\000l\000o\000g\000i\000a\000s\000\040\000A\000g\000i\000l\000e\000s}{chapter*.26}% 18
\BOOKMARK [1][-]{section.4.2}{\376\377\000H\000e\000r\000r\000a\000m\000i\000e\000n\000t\000a\000s\000\040\000H\000a\000r\000d\000w\000a\000r\000e}{chapter*.26}% 19
\BOOKMARK [1][-]{section.4.3}{\376\377\000H\000e\000r\000r\000a\000m\000i\000e\000n\000t\000a\000s\000\040\000S\000o\000f\000t\000w\000a\000r\000e}{chapter*.26}% 20
\BOOKMARK [1][-]{section.4.4}{\376\377\000H\000e\000r\000r\000a\000m\000i\000e\000n\000t\000a\000s\000\040\000d\000e\000\040\000D\000O\000C\000U\000M\000E\000N\000T\000A\000C\000I\000O\000N}{chapter*.26}% 21
\BOOKMARK [1][-]{section.4.5}{\376\377\000H\000e\000r\000r\000a\000m\000i\000e\000n\000t\000a\000s\000\040\000D\000E\000\040\000C\000O\000M\000U\000N\000I\000C\000A\000C\000I\000O\000N}{chapter*.26}% 22
\BOOKMARK [1][-]{section.4.6}{\376\377\000H\000e\000r\000r\000a\000m\000i\000e\000n\000t\000a\000s\000\040\000d\000e\000\040\000G\000E\000S\000T\000I\000O\000N\000\040\000d\000e\000\040\000P\000R\000O\000Y\000E\000C\000T\000O\000S}{chapter*.26}% 23
\BOOKMARK [0][-]{chapter*.27}{\376\377\000A\000s\000p\000e\000c\000t\000o\000s\000\040\000r\000e\000l\000e\000v\000a\000n\000t\000e\000s\000\040\000d\000e\000l\000\040\000d\000e\000s\000a\000r\000r\000o\000l\000l\000o\000\040\000d\000e\000l\000\040\000p\000r\000o\000y\000e\000c\000t\000o}{}% 24
\BOOKMARK [0][-]{chapter*.28}{\376\377\000T\000r\000a\000b\000a\000j\000o\000s\000\040\000r\000e\000l\000a\000c\000i\000o\000n\000a\000d\000o\000s}{}% 25
\BOOKMARK [0][-]{chapter*.29}{\376\377\000C\000o\000n\000c\000l\000u\000s\000i\000o\000n\000e\000s\000\040\000y\000\040\000L\000\355\000n\000e\000a\000s\000\040\000d\000e\000\040\000t\000r\000a\000b\000a\000j\000o\000\040\000f\000u\000t\000u\000r\000a\000s}{}% 26
